2026-04-12 22:38:13,457 INFO 導航...
2026-04-12 22:38:21,671 INFO 設定為全部...
2026-04-12 22:38:29,686 INFO 開始收集：2016-01-01 ~ 2026-01-01
2026-04-12 22:38:29,686 INFO 輸出：/home/sm245735/.openclaw/workspace/scip-water-scarcity-gis-ai/data/水庫歷史水情/水庫統計表_2016_2026.csv
2026-04-12 22:38:47,785 INFO 📊 1/3654 (0.0%) | 成功 1 失敗 0 | 預估剩下 18.4 小時
2026-04-12 23:08:40,122 INFO 📊 100/3654 (2.7%) | 成功 100 失敗 0 | 預估剩下 17.9 小時
2026-04-12 23:38:53,752 INFO 📊 200/3654 (5.5%) | 成功 200 失敗 0 | 預估剩下 17.4 小時
2026-04-13 00:09:03,773 INFO 📊 300/3654 (8.2%) | 成功 300 失敗 0 | 預估剩下 16.9 小時
2026-04-13 00:39:13,381 INFO 📊 400/3654 (10.9%) | 成功 400 失敗 0 | 預估剩下 16.4 小時
2026-04-13 01:09:23,122 INFO 📊 500/3654 (13.7%) | 成功 500 失敗 0 | 預估剩下 15.9 小時
13 00:09:03,773 INFO 📊 300/3654 (8.2%) | 成功 300 失敗 0 | 預估剩下 16.9 小時
2026-04-13 00:38:05,007 INFO 📊 400/3654 (10.9%) 成功 400 失敗 0 | 預估剩下 16.4 小時
2026-04-13 00:39:13,381 INFO 📊 400/3654 (10.9%) | 成功 400 失敗 0 | 預估剩下 16.4 小時
2026-04-13 01:08:15,154 INFO 📊 500/3654 (13.7%) 成功 500 失敗 0 | 預估剩下 15.9 小時
2026-04-13 01:09:23,122 INFO 📊 500/3654 (13.7%) | 成功 500 失敗 0 | 預估剩下 15.9 小時
Traceback (most recent call last):
  File "/home/sm245735/.openclaw/workspace/scip-water-scarcity-gis-ai/src/data_pipeline/水庫Statistics_全量收集.py", line 28, in <module>
    driver = webdriver.Chrome(options=options)
  File "/home/sm245735/selenium_env/lib/python3.13/site-packages/selenium/webdriver/chrome/webdriver.py", line 45, in __init__
    super().__init__(
    ~~~~~~~~~~~~~~~~^
        browser_name=DesiredCapabilities.CHROME["browserName"],
        ^^^^^^^^^^^^^^^^^^^^^^^^^^^^^^^^^^^^^^^^^^^^^^^^^^^^^^^
    ...<3 lines>...
        keep_alive=keep_alive,
        ^^^^^^^^^^^^^^^^^^^^^^
    )
    ^
  File "/home/sm245735/selenium_env/lib/python3.13/site-packages/selenium/webdriver/chromium/webdriver.py", line 66, in __init__
    super().__init__(command_executor=executor, options=self.options)
    ~~~~~~~~~~~~~~~~^^^^^^^^^^^^^^^^^^^^^^^^^^^^^^^^^^^^^^^^^^^^^^^^^
  File "/home/sm245735/selenium_env/lib/python3.13/site-packages/selenium/webdriver/common/webdriver.py", line 25, in __init__
    super().__init__(*args, **kwargs)
    ~~~~~~~~~~~~~~~~^^^^^^^^^^^^^^^^^
  File "/home/sm245735/selenium_env/lib/python3.13/site-packages/selenium/webdriver/remote/webdriver.py", line 274, in __init__
    self.start_session(capabilities)
    ~~~~~~~~~~~~~~~~~~^^^^^^^^^^^^^^
  File "/home/sm245735/selenium_env/lib/python3.13/site-packages/selenium/webdriver/remote/webdriver.py", line 370, in start_session
    response = self.execute(Command.NEW_SESSION, caps)["value"]
               ~~~~~~~~~~~~^^^^^^^^^^^^^^^^^^^^^^^^^^^
  File "/home/sm245735/selenium_env/lib/python3.13/site-packages/selenium/webdriver/remote/webdriver.py", line 450, in execute
    self.error_handler.check_response(response)
    ~~~~~~~~~~~~~~~~~~~~~~~~~~~~~~~~~^^^^^^^^^^
  File "/home/sm245735/selenium_env/lib/python3.13/site-packages/selenium/webdriver/remote/errorhandler.py", line 232, in check_response
    raise exception_class(message, screen, stacktrace)
selenium.common.exceptions.SessionNotCreatedException: Message: session not created: cannot connect to chrome at 127.0.0.1:18800
from chrome not reachable; For documentation on this error, please visit: https://www.selenium.dev/documentation/webdriver/troubleshooting/errors#sessionnotcreatedexception
Stacktrace:
#0 0x64ca7c9f7a6a <unknown>
#1 0x64ca7c4068c0 <unknown>
#2 0x64ca7c3f1fcc <unknown>
#3 0x64ca7c4489ae <unknown>
#4 0x64ca7c43dbc1 <unknown>
#5 0x64ca7c48e53e <unknown>
#6 0x64ca7c48dc2c <unknown>
#7 0x64ca7c44ccbf <unknown>
#8 0x64ca7c44da81 <unknown>
#9 0x64ca7c9bda64 <unknown>
#10 0x64ca7c9c0951 <unknown>
#11 0x64ca7c9aa21e <unknown>
#12 0x64ca7c9c151e <unknown>
#13 0x64ca7c990be0 <unknown>
#14 0x64ca7c9e49b8 <unknown>
#15 0x64ca7c9e4b88 <unknown>
#16 0x64ca7c9f64de <unknown>
#17 0x7a821d2a3d64 <unknown>
#18 0x7a821d3373fc <unknown>

Traceback (most recent call last):
  File "/home/sm245735/.openclaw/workspace/scip-water-scarcity-gis-ai/src/data_pipeline/水庫Statistics_全量收集.py", line 28, in <module>
    driver = webdriver.Chrome(options=options)
  File "/home/sm245735/selenium_env/lib/python3.13/site-packages/selenium/webdriver/chrome/webdriver.py", line 45, in __init__
    super().__init__(
    ~~~~~~~~~~~~~~~~^
        browser_name=DesiredCapabilities.CHROME["browserName"],
        ^^^^^^^^^^^^^^^^^^^^^^^^^^^^^^^^^^^^^^^^^^^^^^^^^^^^^^^
    ...<3 lines>...
        keep_alive=keep_alive,
        ^^^^^^^^^^^^^^^^^^^^^^
    )
    ^
  File "/home/sm245735/selenium_env/lib/python3.13/site-packages/selenium/webdriver/chromium/webdriver.py", line 66, in __init__
    super().__init__(command_executor=executor, options=self.options)
    ~~~~~~~~~~~~~~~~^^^^^^^^^^^^^^^^^^^^^^^^^^^^^^^^^^^^^^^^^^^^^^^^^
  File "/home/sm245735/selenium_env/lib/python3.13/site-packages/selenium/webdriver/common/webdriver.py", line 25, in __init__
    super().__init__(*args, **kwargs)
    ~~~~~~~~~~~~~~~~^^^^^^^^^^^^^^^^^
  File "/home/sm245735/selenium_env/lib/python3.13/site-packages/selenium/webdriver/remote/webdriver.py", line 274, in __init__
    self.start_session(capabilities)
    ~~~~~~~~~~~~~~~~~~^^^^^^^^^^^^^^
  File "/home/sm245735/selenium_env/lib/python3.13/site-packages/selenium/webdriver/remote/webdriver.py", line 370, in start_session
    response = self.execute(Command.NEW_SESSION, caps)["value"]
               ~~~~~~~~~~~~^^^^^^^^^^^^^^^^^^^^^^^^^^^
  File "/home/sm245735/selenium_env/lib/python3.13/site-packages/selenium/webdriver/remote/webdriver.py", line 450, in execute
    self.error_handler.check_response(response)
    ~~~~~~~~~~~~~~~~~~~~~~~~~~~~~~~~~^^^^^^^^^^
  File "/home/sm245735/selenium_env/lib/python3.13/site-packages/selenium/webdriver/remote/errorhandler.py", line 232, in check_response
    raise exception_class(message, screen, stacktrace)
selenium.common.exceptions.SessionNotCreatedException: Message: session not created: cannot connect to chrome at 127.0.0.1:18800
from chrome not reachable; For documentation on this error, please visit: https://www.selenium.dev/documentation/webdriver/troubleshooting/errors#sessionnotcreatedexception
Stacktrace:
#0 0x5c2d9d38ba6a <unknown>
#1 0x5c2d9cd9a8c0 <unknown>
#2 0x5c2d9cd85fcc <unknown>
#3 0x5c2d9cddc9ae <unknown>
#4 0x5c2d9cdd1bc1 <unknown>
#5 0x5c2d9ce2253e <unknown>
#6 0x5c2d9ce21c2c <unknown>
#7 0x5c2d9cde0cbf <unknown>
#8 0x5c2d9cde1a81 <unknown>
#9 0x5c2d9d351a64 <unknown>
#10 0x5c2d9d354951 <unknown>
#11 0x5c2d9d33e21e <unknown>
#12 0x5c2d9d35551e <unknown>
#13 0x5c2d9d324be0 <unknown>
#14 0x5c2d9d3789b8 <unknown>
#15 0x5c2d9d378b88 <unknown>
#16 0x5c2d9d38a4de <unknown>
#17 0x786449aa3d64 <unknown>
#18 0x786449b373fc <unknown>

